\BOOKMARK [1][-]{section.1}{Problem 1}{}% 1
\BOOKMARK [2][-]{subsection.1.1}{Part A}{section.1}% 2
\BOOKMARK [2][-]{subsection.1.2}{Part B}{section.1}% 3
\BOOKMARK [1][-]{section.2}{Problem 2}{}% 4
\BOOKMARK [2][-]{subsection.2.1}{Part A}{section.2}% 5
\BOOKMARK [2][-]{subsection.2.2}{Part B}{section.2}% 6
\BOOKMARK [3][-]{subsubsection.2.2.1}{Base Case}{subsection.2.2}% 7
\BOOKMARK [3][-]{subsubsection.2.2.2}{Inductive Case}{subsection.2.2}% 8
\BOOKMARK [1][-]{section.3}{Problem 3}{}% 9
\BOOKMARK [2][-]{subsection.3.1}{Part A}{section.3}% 10
\BOOKMARK [2][-]{subsection.3.2}{Part B}{section.3}% 11
\BOOKMARK [3][-]{subsubsection.3.2.1}{Runtime}{subsection.3.2}% 12
\BOOKMARK [3][-]{subsubsection.3.2.2}{Probability}{subsection.3.2}% 13
\BOOKMARK [2][-]{subsection.3.3}{Part C}{section.3}% 14
\BOOKMARK [2][-]{subsection.3.4}{Part D}{section.3}% 15
\BOOKMARK [1][-]{section.4}{Problem 4}{}% 16
\BOOKMARK [2][-]{subsection.4.1}{Part A}{section.4}% 17
\BOOKMARK [2][-]{subsection.4.2}{Part B}{section.4}% 18
\BOOKMARK [2][-]{subsection.4.3}{Part C}{section.4}% 19
\BOOKMARK [3][-]{subsubsection.4.3.1}{Runtime}{subsection.4.3}% 20
\BOOKMARK [2][-]{subsection.4.4}{Part D}{section.4}% 21
